[debug] [2022-05-20T12:32:54.911Z] ----------------------------------------------------------------------
[debug] [2022-05-20T12:32:54.913Z] Command:       C:\Program Files\nodejs\node.exe C:\Users\dell\AppData\Roaming\npm\node_modules\firebase-tools\lib\bin\firebase.js apps:sdkconfig web 1:403551675834:web:3b9f65ef95c31a2ccee983 --json
[debug] [2022-05-20T12:32:54.913Z] CLI Version:   11.0.0
[debug] [2022-05-20T12:32:54.913Z] Platform:      win32
[debug] [2022-05-20T12:32:54.913Z] Node Version:  v16.15.0
[debug] [2022-05-20T12:32:54.914Z] Time:          Fri May 20 2022 05:32:54 GMT-0700 (Pacific Daylight Time)
[debug] [2022-05-20T12:32:54.914Z] ----------------------------------------------------------------------
[debug] 
[debug] [2022-05-20T12:32:54.923Z] > command requires scopes: ["email","openid","https://www.googleapis.com/auth/cloudplatformprojects.readonly","https://www.googleapis.com/auth/firebase","https://www.googleapis.com/auth/cloud-platform"]
[debug] [2022-05-20T12:32:54.924Z] > authorizing via signed-in user (ethiopiawellness@gmail.com)
[debug] [2022-05-20T12:32:54.928Z] > refreshing access token with scopes: ["email","https://www.googleapis.com/auth/cloud-platform","https://www.googleapis.com/auth/cloudplatformprojects.readonly","https://www.googleapis.com/auth/firebase","openid"]
[debug] [2022-05-20T12:32:54.928Z] >>> HTTP REQUEST POST https://www.googleapis.com/oauth2/v3/token  
 <request body omitted>
[debug] [2022-05-20T12:32:55.759Z] <<< HTTP RESPONSE 200 {"date":"Fri, 20 May 2022 12:32:55 GMT","expires":"Mon, 01 Jan 1990 00:00:00 GMT","pragma":"no-cache","cache-control":"no-cache, no-store, max-age=0, must-revalidate","content-type":"application/json; charset=utf-8","vary":"X-Origin, Referer, Origin,Accept-Encoding","server":"scaffolding on HTTPServer2","x-xss-protection":"0","x-frame-options":"SAMEORIGIN","x-content-type-options":"nosniff","alt-svc":"h3=\":443\"; ma=2592000,h3-29=\":443\"; ma=2592000,h3-Q050=\":443\"; ma=2592000,h3-Q046=\":443\"; ma=2592000,h3-Q043=\":443\"; ma=2592000,quic=\":443\"; ma=2592000; v=\"46,43\"","accept-ranges":"none","transfer-encoding":"chunked"}
[debug] [2022-05-20T12:32:55.784Z] >>> HTTP REQUEST GET https://firebase.googleapis.com/v1beta1/projects/-/webApps/1:403551675834:web:3b9f65ef95c31a2ccee983/config  
 
[debug] [2022-05-20T12:33:16.844Z] Server Error. connect ETIMEDOUT 172.217.169.10:443
[debug] [2022-05-20T12:33:37.893Z] FirebaseError: Server Error. connect ETIMEDOUT 172.217.169.10:443
    at Request._callback (C:\Users\dell\AppData\Roaming\npm\node_modules\firebase-tools\lib\api.js:32:31)
    at self.callback (C:\Users\dell\AppData\Roaming\npm\node_modules\firebase-tools\node_modules\request\request.js:185:22)
    at Request.emit (node:events:527:28)
    at Request.emit (node:domain:475:12)
    at Request.onRequestError (C:\Users\dell\AppData\Roaming\npm\node_modules\firebase-tools\node_modules\request\request.js:877:8)
    at ClientRequest.emit (node:events:539:35)
    at ClientRequest.emit (node:domain:475:12)
    at TLSSocket.socketErrorListener (node:_http_client:454:9)
    at TLSSocket.emit (node:events:527:28)
    at TLSSocket.emit (node:domain:475:12)
    at emitErrorNT (node:internal/streams/destroy:157:8)
    at emitErrorCloseNT (node:internal/streams/destroy:122:3)
    at processTicksAndRejections (node:internal/process/task_queues:83:21)
[error] 
[error] Error: Failed to get WEB app configuration. See firebase-debug.log for more info.
